<?xml version="1.0" encoding="UTF-8"?>
<testsuite name="site.kevinb9n.tmsoloplacement.BasicTest" tests="1" skipped="0" failures="0" errors="0" timestamp="2021-04-08T23:06:32" hostname="kevins-mbp.lan" time="0.03">
  <properties/>
  <testcase name="try some shit" classname="site.kevinb9n.tmsoloplacement.BasicTest" time="0.03"/>
  <system-out><![CDATA[]]></system-out>
  <system-err><![CDATA[]]></system-err>
</testsuite>
